SF:d:\codingan\flutter\code_with_azri\modules\app/lib/presentation/screens/splash_screen.dart
DA:8,1
DA:10,1
DA:11,1
DA:15,1
DA:16,1
DA:17,2
DA:20,1
DA:22,2
DA:23,1
DA:25,1
DA:28,1
DA:30,1
DA:32,1
DA:33,1
DA:34,1
DA:35,1
DA:36,1
LF:17
LH:17
end_of_record
SF:d:\codingan\flutter\code_with_azri\modules\app/lib/presentation/screens/onboard_screen.dart
DA:8,0
DA:10,0
DA:34,6
DA:36,1
DA:38,1
DA:39,2
DA:40,1
DA:41,1
DA:42,1
DA:43,1
DA:50,6
DA:52,1
DA:54,1
DA:55,4
DA:56,1
DA:58,1
DA:59,1
DA:61,2
DA:62,1
DA:63,1
DA:64,1
DA:67,1
DA:69,2
DA:70,1
DA:71,1
DA:72,1
DA:75,1
DA:77,2
DA:78,1
DA:79,1
DA:80,1
DA:90,6
DA:92,1
DA:94,1
DA:95,4
DA:96,1
DA:98,2
DA:99,1
DA:107,6
DA:109,1
DA:111,1
DA:113,0
DA:114,0
DA:116,1
DA:117,1
DA:118,1
DA:119,1
DA:120,1
DA:127,6
DA:129,1
DA:131,1
DA:132,1
DA:134,0
DA:135,0
LF:54
LH:48
end_of_record
SF:d:\codingan\flutter\code_with_azri\modules\app/lib/presentation/widgets/custom_button.dart
DA:12,2
DA:22,2
DA:24,2
DA:25,2
DA:26,2
DA:27,2
DA:28,2
DA:29,4
DA:30,4
DA:31,2
DA:33,4
DA:35,2
DA:36,2
DA:37,2
DA:38,2
DA:39,4
DA:40,2
DA:41,2
LF:18
LH:18
end_of_record
SF:d:\codingan\flutter\code_with_azri\modules\app/lib/presentation/widgets/custom_text_button.dart
DA:9,2
DA:17,2
DA:19,2
DA:20,2
DA:21,2
DA:22,2
DA:23,2
DA:24,2
DA:25,4
LF:9
LH:9
end_of_record
SF:d:\codingan\flutter\code_with_azri\modules\app/lib/presentation/widgets/custom_textform_field.dart
DA:12,1
DA:21,1
DA:23,1
DA:24,2
DA:25,3
DA:33,1
DA:34,1
DA:35,1
DA:36,1
DA:37,2
DA:43,1
DA:44,1
DA:45,2
DA:46,1
DA:47,1
DA:48,1
DA:49,1
DA:55,1
DA:56,1
DA:57,1
DA:58,1
DA:59,1
DA:60,2
DA:61,1
DA:63,1
DA:64,1
DA:65,2
DA:66,1
DA:73,1
DA:74,1
DA:75,2
DA:76,1
DA:77,1
DA:78,1
DA:79,1
DA:81,1
LF:36
LH:36
end_of_record
SF:d:\codingan\flutter\code_with_azri\modules\auth/lib/presentation/screens/forgot_password_screen.dart
DA:4,0
DA:6,0
LF:2
LH:0
end_of_record
SF:d:\codingan\flutter\code_with_azri\modules\auth/lib/presentation/screens/sign_in_screen.dart
DA:6,0
DA:8,0
DA:10,0
DA:12,0
DA:13,0
DA:14,0
DA:15,0
DA:16,0
DA:31,4
DA:33,0
DA:35,0
DA:36,0
DA:37,0
DA:39,0
DA:40,0
DA:41,0
DA:42,0
DA:43,0
DA:44,0
DA:45,0
DA:47,0
DA:48,0
DA:50,0
DA:52,0
DA:53,0
DA:56,0
DA:57,0
DA:59,0
DA:61,0
DA:62,0
LF:30
LH:1
end_of_record
SF:d:\codingan\flutter\code_with_azri\modules\auth/lib/presentation/screens/sign_up_screen.dart
DA:12,0
DA:14,0
DA:16,0
DA:18,0
DA:19,0
DA:20,0
DA:21,0
DA:22,0
DA:42,5
DA:44,1
DA:46,1
DA:47,1
DA:48,1
DA:50,1
DA:51,1
DA:52,1
DA:53,1
DA:54,1
DA:55,1
DA:56,1
DA:58,1
DA:59,1
DA:61,1
DA:63,2
DA:64,1
DA:67,1
DA:68,1
DA:70,1
DA:72,2
DA:73,1
DA:84,5
DA:86,1
DA:87,1
DA:93,0
DA:94,0
DA:95,0
DA:99,1
DA:101,1
DA:102,1
DA:103,1
DA:105,1
DA:106,1
DA:107,1
DA:108,1
DA:111,1
DA:112,1
DA:115,1
DA:116,1
DA:118,1
DA:119,1
DA:128,5
DA:130,1
DA:132,1
DA:133,2
DA:134,1
DA:136,0
DA:143,5
DA:145,1
DA:147,1
DA:148,2
DA:149,1
DA:151,1
DA:152,1
DA:154,1
DA:156,1
DA:158,0
DA:159,1
DA:168,5
DA:170,1
DA:172,2
DA:173,1
DA:174,2
DA:178,1
DA:179,2
LF:74
LH:61
end_of_record
SF:d:\codingan\flutter\code_with_azri\modules\auth/lib/presentation/widgets/apple_sign_in_button.dart
DA:8,2
DA:10,2
DA:12,2
DA:13,2
DA:14,2
DA:15,2
DA:16,0
DA:17,2
DA:18,2
DA:19,2
LF:10
LH:9
end_of_record
SF:d:\codingan\flutter\code_with_azri\modules\auth/lib/presentation/widgets/google_sign_in_button.dart
DA:8,2
DA:10,2
DA:12,2
DA:13,2
DA:14,2
DA:15,2
DA:16,0
DA:17,2
DA:18,2
DA:19,2
LF:10
LH:9
end_of_record
SF:d:\codingan\flutter\code_with_azri\modules\auth/lib/presentation/widgets/or_divider_widget.dart
DA:6,6
DA:8,2
DA:10,2
DA:11,6
DA:12,2
DA:13,2
DA:14,2
DA:15,4
DA:20,2
DA:22,2
DA:23,2
DA:25,2
DA:26,2
DA:28,6
LF:14
LH:14
end_of_record
SF:d:\codingan\flutter\code_with_azri\modules\app/lib/presentation/screens/splash_screen.dart
DA:8,1
DA:10,1
DA:11,1
DA:15,1
DA:16,1
DA:17,2
DA:20,1
DA:22,2
DA:23,1
DA:25,1
DA:28,1
DA:30,1
DA:32,1
DA:33,1
DA:34,1
DA:35,1
DA:36,1
LF:17
LH:17
end_of_record
SF:d:\codingan\flutter\code_with_azri\modules\app/lib/presentation/screens/onboard_screen.dart
DA:8,0
DA:10,0
DA:34,6
DA:36,1
DA:38,1
DA:39,2
DA:40,1
DA:41,1
DA:42,1
DA:43,1
DA:50,6
DA:52,1
DA:54,1
DA:55,4
DA:56,1
DA:58,1
DA:59,1
DA:61,2
DA:62,1
DA:63,1
DA:64,1
DA:67,1
DA:69,2
DA:70,1
DA:71,1
DA:72,1
DA:75,1
DA:77,2
DA:78,1
DA:79,1
DA:80,1
DA:90,6
DA:92,1
DA:94,1
DA:95,4
DA:96,1
DA:98,2
DA:99,1
DA:107,6
DA:109,1
DA:111,1
DA:113,0
DA:114,0
DA:116,1
DA:117,1
DA:118,1
DA:119,1
DA:120,1
DA:127,6
DA:129,1
DA:131,1
DA:132,1
DA:134,0
DA:135,0
LF:54
LH:48
end_of_record
SF:d:\codingan\flutter\code_with_azri\modules\app/lib/presentation/widgets/custom_button.dart
DA:12,2
DA:22,2
DA:24,2
DA:25,2
DA:26,2
DA:27,2
DA:28,2
DA:29,4
DA:30,4
DA:31,2
DA:33,4
DA:35,2
DA:36,2
DA:37,2
DA:38,2
DA:39,4
DA:40,2
DA:41,2
LF:18
LH:18
end_of_record
SF:d:\codingan\flutter\code_with_azri\modules\app/lib/presentation/widgets/custom_text_button.dart
DA:9,2
DA:17,2
DA:19,2
DA:20,2
DA:21,2
DA:22,2
DA:23,2
DA:24,2
DA:25,4
LF:9
LH:9
end_of_record
SF:d:\codingan\flutter\code_with_azri\modules\app/lib/presentation/widgets/custom_textform_field.dart
DA:12,1
DA:21,1
DA:23,1
DA:24,2
DA:25,3
DA:33,1
DA:34,1
DA:35,1
DA:36,1
DA:37,2
DA:43,1
DA:44,1
DA:45,2
DA:46,1
DA:47,1
DA:48,1
DA:49,1
DA:55,1
DA:56,1
DA:57,1
DA:58,1
DA:59,1
DA:60,2
DA:61,1
DA:63,1
DA:64,1
DA:65,2
DA:66,1
DA:73,1
DA:74,1
DA:75,2
DA:76,1
DA:77,1
DA:78,1
DA:79,1
DA:81,1
LF:36
LH:36
end_of_record
SF:d:\codingan\flutter\code_with_azri\modules\auth/lib/presentation/screens/forgot_password_screen.dart
DA:4,0
DA:6,0
LF:2
LH:0
end_of_record
SF:d:\codingan\flutter\code_with_azri\modules\auth/lib/presentation/screens/sign_in_screen.dart
DA:6,0
DA:8,0
DA:10,0
DA:12,0
DA:13,0
DA:14,0
DA:15,0
DA:16,0
DA:31,4
DA:33,0
DA:35,0
DA:36,0
DA:37,0
DA:39,0
DA:40,0
DA:41,0
DA:42,0
DA:43,0
DA:44,0
DA:45,0
DA:47,0
DA:48,0
DA:50,0
DA:52,0
DA:53,0
DA:56,0
DA:57,0
DA:59,0
DA:61,0
DA:62,0
LF:30
LH:1
end_of_record
SF:d:\codingan\flutter\code_with_azri\modules\auth/lib/presentation/screens/sign_up_screen.dart
DA:12,1
DA:14,1
DA:16,1
DA:18,1
DA:19,1
DA:20,1
DA:21,1
DA:22,1
DA:42,5
DA:44,1
DA:46,1
DA:47,1
DA:48,1
DA:50,1
DA:51,1
DA:52,1
DA:53,1
DA:54,1
DA:55,1
DA:56,1
DA:58,1
DA:59,1
DA:61,1
DA:63,2
DA:64,1
DA:67,1
DA:68,1
DA:70,1
DA:72,2
DA:73,1
DA:84,5
DA:86,1
DA:87,1
DA:93,0
DA:94,0
DA:95,0
DA:99,1
DA:101,1
DA:102,1
DA:103,1
DA:105,1
DA:106,1
DA:107,1
DA:108,1
DA:111,1
DA:112,1
DA:115,1
DA:116,1
DA:118,1
DA:119,1
DA:128,5
DA:130,1
DA:132,1
DA:133,2
DA:134,1
DA:136,0
DA:143,5
DA:145,1
DA:147,1
DA:148,2
DA:149,1
DA:151,1
DA:152,1
DA:154,1
DA:156,1
DA:158,0
DA:159,1
DA:168,5
DA:170,1
DA:172,2
DA:173,1
DA:174,2
DA:178,1
DA:179,2
LF:74
LH:69
end_of_record
SF:d:\codingan\flutter\code_with_azri\modules\auth/lib/presentation/widgets/apple_sign_in_button.dart
DA:8,2
DA:10,2
DA:12,2
DA:13,2
DA:14,2
DA:15,2
DA:16,0
DA:17,2
DA:18,2
DA:19,2
LF:10
LH:9
end_of_record
SF:d:\codingan\flutter\code_with_azri\modules\auth/lib/presentation/widgets/google_sign_in_button.dart
DA:8,2
DA:10,2
DA:12,2
DA:13,2
DA:14,2
DA:15,2
DA:16,0
DA:17,2
DA:18,2
DA:19,2
LF:10
LH:9
end_of_record
SF:d:\codingan\flutter\code_with_azri\modules\auth/lib/presentation/widgets/or_divider_widget.dart
DA:6,6
DA:8,2
DA:10,2
DA:11,6
DA:12,2
DA:13,2
DA:14,2
DA:15,4
DA:20,2
DA:22,2
DA:23,2
DA:25,2
DA:26,2
DA:28,6
LF:14
LH:14
end_of_record
