SF:lib\modules\app\lib\presentation\screens\splash_screen.dart
DA:8,1
DA:10,1
DA:11,1
DA:15,1
DA:16,1
DA:17,2
DA:20,1
DA:22,2
DA:23,1
DA:25,1
DA:28,1
DA:30,1
DA:32,1
DA:33,1
DA:34,1
DA:35,1
DA:36,1
LF:17
LH:17
end_of_record
SF:lib\modules\app\lib\presentation\screens\onboard_screen.dart
DA:8,0
DA:10,0
DA:34,5
DA:36,1
DA:38,1
DA:39,2
DA:40,1
DA:41,1
DA:42,1
DA:43,1
DA:50,5
DA:52,1
DA:54,1
DA:55,4
DA:56,1
DA:58,1
DA:59,1
DA:61,2
DA:62,1
DA:63,1
DA:64,1
DA:67,1
DA:69,2
DA:70,1
DA:71,1
DA:72,1
DA:75,1
DA:77,2
DA:78,1
DA:79,1
DA:80,1
DA:90,5
DA:92,1
DA:94,1
DA:95,4
DA:96,1
DA:98,2
DA:99,1
DA:107,4
DA:109,0
DA:111,0
DA:113,0
DA:114,0
DA:115,0
DA:116,0
DA:117,0
DA:118,0
DA:125,4
DA:127,0
DA:129,0
DA:130,0
DA:132,0
LF:52
LH:38
end_of_record
SF:lib\modules\app\lib\presentation\widgets\custom_button.dart
DA:12,1
DA:22,1
DA:24,1
DA:25,1
DA:26,1
DA:27,1
DA:28,1
DA:29,2
DA:30,2
DA:31,1
DA:33,2
DA:35,1
DA:36,1
DA:37,1
DA:38,1
DA:39,2
DA:40,1
DA:41,1
LF:18
LH:18
end_of_record
SF:lib\modules\app\lib\presentation\widgets\custom_text_button.dart
DA:9,1
DA:17,1
DA:19,1
DA:20,1
DA:21,1
DA:22,1
DA:23,1
DA:24,1
DA:25,2
LF:9
LH:9
end_of_record
