SF:lib\modules\app\lib\presentation\screens\splash_screen.dart
DA:8,0
DA:10,0
DA:11,0
DA:15,0
DA:16,0
DA:17,0
DA:20,0
DA:22,0
DA:23,0
DA:25,0
DA:28,0
DA:30,0
DA:32,0
DA:33,0
DA:34,0
DA:35,0
DA:36,0
LF:17
LH:0
end_of_record
SF:lib\modules\app\lib\presentation\screens\onboard_screen.dart
DA:8,0
DA:10,0
DA:34,2
DA:36,0
DA:38,0
DA:39,0
DA:40,0
DA:41,0
DA:42,0
DA:43,0
DA:50,2
DA:52,0
DA:54,0
DA:55,0
DA:56,0
DA:58,0
DA:59,0
DA:61,0
DA:62,0
DA:63,0
DA:64,0
DA:67,0
DA:69,0
DA:70,0
DA:71,0
DA:72,0
DA:75,0
DA:77,0
DA:78,0
DA:79,0
DA:80,0
DA:90,2
DA:92,0
DA:94,0
DA:95,0
DA:96,0
DA:98,0
DA:99,0
DA:107,2
DA:109,0
DA:111,0
DA:113,0
DA:114,0
DA:115,0
DA:116,0
DA:117,0
DA:118,0
DA:125,2
DA:127,0
DA:129,0
DA:130,0
DA:132,0
LF:52
LH:5
end_of_record
SF:lib\modules\app\lib\presentation\widgets\custom_button.dart
DA:12,1
DA:22,1
DA:24,1
DA:25,1
DA:26,1
DA:27,1
DA:28,1
DA:29,2
DA:30,2
DA:31,1
DA:33,2
DA:35,1
DA:36,1
DA:37,1
DA:38,1
DA:39,2
DA:40,1
DA:41,1
LF:18
LH:18
end_of_record
SF:lib\modules\app\lib\presentation\widgets\custom_text_button.dart
DA:9,1
DA:17,1
DA:19,1
DA:20,1
DA:21,1
DA:22,1
DA:23,1
DA:24,1
DA:25,2
LF:9
LH:9
end_of_record
